{
  "stats": {
    "suites": 1,
    "tests": 1,
    "passes": 1,
    "pending": 0,
    "failures": 0,
    "start": "2023-11-27T16:55:12.289Z",
    "end": "2023-11-27T16:55:16.403Z",
    "duration": 4114,
    "testsRegistered": 1,
    "passPercent": 100,
    "pendingPercent": 0,
    "other": 0,
    "hasOther": false,
    "skipped": 0,
    "hasSkipped": false
  },
  "results": [
    {
      "uuid": "5e0aa518-3c99-4d99-b71d-21fe6ddd0474",
      "title": "",
      "fullFile": "cypress\\e2e\\Producción\\CU-Pagina_Principal.cy.js",
      "file": "cypress\\e2e\\Producción\\CU-Pagina_Principal.cy.js",
      "beforeHooks": [],
      "afterHooks": [],
      "tests": [],
      "suites": [
        {
          "uuid": "822ea126-8221-4dee-8dd5-12b80bc2f184",
          "title": "Pagina principal",
          "fullFile": "",
          "file": "",
          "beforeHooks": [],
          "afterHooks": [],
          "tests": [
            {
              "title": "Encontrar el boton de menu",
              "fullTitle": "Pagina principal Encontrar el boton de menu",
              "timedOut": null,
              "duration": 2078,
              "state": "passed",
              "speed": "fast",
              "pass": true,
              "fail": false,
              "pending": false,
              "context": null,
              "code": "// Click en iniciar sesión\ncy.get('.d-inline-block').should('be.visible');\n//Titulo del sitio\ncy.get('.header-title').should('be.visible');\n//Sección de servicios\ncy.get('.title').should('be.visible');\n//Boton de agendar cita\ncy.get('.main-btn').should('be.visible');\n//Sección preguntas\ncy.get('.col-xl-6 > .section-title > .fw-bold').should('be.visible');",
              "err": {},
              "uuid": "c2553e3f-ffdf-46dd-a680-8cd157197ee1",
              "parentUUID": "822ea126-8221-4dee-8dd5-12b80bc2f184",
              "isHook": false,
              "skipped": false
            }
          ],
          "suites": [],
          "passes": [
            "c2553e3f-ffdf-46dd-a680-8cd157197ee1"
          ],
          "failures": [],
          "pending": [],
          "skipped": [],
          "duration": 2078,
          "root": false,
          "rootEmpty": false,
          "_timeout": 2000
        }
      ],
      "passes": [],
      "failures": [],
      "pending": [],
      "skipped": [],
      "duration": 0,
      "root": true,
      "rootEmpty": true,
      "_timeout": 2000
    }
  ],
  "meta": {
    "mocha": {
      "version": "7.0.1"
    },
    "mochawesome": {
      "options": {
        "quiet": false,
        "reportFilename": "Re_Sostenido",
        "saveHtml": true,
        "saveJson": true,
        "consoleReporter": "spec",
        "useInlineDiffs": false,
        "code": true
      },
      "version": "7.1.3"
    },
    "marge": {
      "options": {
        "charts": true,
        "html": true,
        "reportsDir": "cypress/reports/ReSostenido",
        "reportFilename": "Re_Sostenido",
        "overwrite": false,
        "reporterEnabled": "mochawesome",
        "mochawesomeReporterOptions": {
          "reportDir": "cypress/reports/mocha",
          "quiet": true,
          "overwrite": false,
          "html": true,
          "json": true
        }
      },
      "version": "6.2.0"
    }
  }
}