{
  "stats": {
    "suites": 1,
    "tests": 1,
    "passes": 1,
    "pending": 0,
    "failures": 0,
    "start": "2023-11-27T16:52:51.961Z",
    "end": "2023-11-27T16:52:58.948Z",
    "duration": 6987,
    "testsRegistered": 1,
    "passPercent": 100,
    "pendingPercent": 0,
    "other": 0,
    "hasOther": false,
    "skipped": 0,
    "hasSkipped": false
  },
  "results": [
    {
      "uuid": "635a4c1a-626f-468a-ad41-073817ea333e",
      "title": "",
      "fullFile": "cypress\\e2e\\Producción\\CU-Consultar_citas_admin.cy.js",
      "file": "cypress\\e2e\\Producción\\CU-Consultar_citas_admin.cy.js",
      "beforeHooks": [],
      "afterHooks": [],
      "tests": [],
      "suites": [
        {
          "uuid": "2e417a47-3418-4a3f-b684-4584f19cc9e7",
          "title": "}consultar citas - admin",
          "fullFile": "",
          "file": "",
          "beforeHooks": [],
          "afterHooks": [],
          "tests": [
            {
              "title": "Encontrar el boton de menu",
              "fullTitle": "}consultar citas - admin Encontrar el boton de menu",
              "timedOut": null,
              "duration": 4979,
              "state": "passed",
              "speed": "fast",
              "pass": true,
              "fail": false,
              "pending": false,
              "context": null,
              "code": "// Click en iniciar sesión\ncy.get('#loginNavItem > .nav-link').should('be.visible').click();\n// Cargar datos de inicio de sesión desde el archivo de fixture 'registro.json'\ncy.fixture('datos_admin.json').then(datos => {\n  cy.get('#email').should('be.visible').type(datos.email, {\n    force: true\n  });\n  cy.get('#contrasenia').should('be.visible').type(datos.contrasena, {\n    force: true\n  });\n});\n//Iniciar sesión\ncy.get('#login').should('be.visible').click();\n//Click en citas\ncy.get('#citasNavItem > .nav-link').should('be.visible').click();\n//Buscar cita para guitarra acustica:\ncy.fixture('datos_cliente.json').then(datos => {\n  //cy.get('#CPnombre').should('contain.text', datos.nombre_instrumento)\n  //cy.get('#CPdescripcion_servicio').should('contain.text', datos.descripcion)\n  //cy.get('#CPanticipo').should('contain.text', datos.anticipo)\n});",
              "err": {},
              "uuid": "838ee49c-a925-49df-9413-7a4730595069",
              "parentUUID": "2e417a47-3418-4a3f-b684-4584f19cc9e7",
              "isHook": false,
              "skipped": false
            }
          ],
          "suites": [],
          "passes": [
            "838ee49c-a925-49df-9413-7a4730595069"
          ],
          "failures": [],
          "pending": [],
          "skipped": [],
          "duration": 4979,
          "root": false,
          "rootEmpty": false,
          "_timeout": 2000
        }
      ],
      "passes": [],
      "failures": [],
      "pending": [],
      "skipped": [],
      "duration": 0,
      "root": true,
      "rootEmpty": true,
      "_timeout": 2000
    }
  ],
  "meta": {
    "mocha": {
      "version": "7.0.1"
    },
    "mochawesome": {
      "options": {
        "quiet": false,
        "reportFilename": "Re_Sostenido",
        "saveHtml": true,
        "saveJson": true,
        "consoleReporter": "spec",
        "useInlineDiffs": false,
        "code": true
      },
      "version": "7.1.3"
    },
    "marge": {
      "options": {
        "charts": true,
        "html": true,
        "reportsDir": "cypress/reports/ReSostenido",
        "reportFilename": "Re_Sostenido",
        "overwrite": false,
        "reporterEnabled": "mochawesome",
        "mochawesomeReporterOptions": {
          "reportDir": "cypress/reports/mocha",
          "quiet": true,
          "overwrite": false,
          "html": true,
          "json": true
        }
      },
      "version": "6.2.0"
    }
  }
}