{
  "stats": {
    "suites": 1,
    "tests": 1,
    "passes": 1,
    "pending": 0,
    "failures": 0,
    "start": "2023-11-27T16:53:10.928Z",
    "end": "2023-11-27T16:53:21.849Z",
    "duration": 10921,
    "testsRegistered": 1,
    "passPercent": 100,
    "pendingPercent": 0,
    "other": 0,
    "hasOther": false,
    "skipped": 0,
    "hasSkipped": false
  },
  "results": [
    {
      "uuid": "853891b9-dade-4119-859a-330cc6202fde",
      "title": "",
      "fullFile": "cypress\\e2e\\Producción\\CU-Consultar_estadisticas.cy.js",
      "file": "cypress\\e2e\\Producción\\CU-Consultar_estadisticas.cy.js",
      "beforeHooks": [],
      "afterHooks": [],
      "tests": [],
      "suites": [
        {
          "uuid": "1dfcc9a6-d582-4caf-869e-d462dd39a563",
          "title": "Consultar estadisticas",
          "fullFile": "",
          "file": "",
          "beforeHooks": [],
          "afterHooks": [],
          "tests": [
            {
              "title": "Encontrar el boton de menu",
              "fullTitle": "Consultar estadisticas Encontrar el boton de menu",
              "timedOut": null,
              "duration": 8869,
              "state": "passed",
              "speed": "medium",
              "pass": true,
              "fail": false,
              "pending": false,
              "context": null,
              "code": "// Click en iniciar sesión\ncy.get('#loginNavItem > .nav-link').should('be.visible').click();\n// Cargar datos de inicio de sesión desde el archivo de fixture 'registro.json'\ncy.fixture('datos_admin.json').then(data => {\n  cy.get('#email').should('be.visible').type(data.email, {\n    force: true\n  });\n  cy.get('#contrasenia').should('be.visible').type(data.contrasena, {\n    force: true\n  });\n});\ncy.get('#login').should('be.visible').click();\n//Click en estadisticas\ncy.get('#estadisticas').should('be.visible').click();\n//Ganancias totales\ncy.get('#graficasPrincipales').should('be.visible');\ncy.get('#filtroTiempo').should('be.visible').select('Meses');\ncy.get('#aniosDisponibles').should('be.visible');\n//Ganancias por instrumento\ncy.get('#graficasPrincipales').should('be.visible').select('Ganancias por instrumento');\ncy.get('#filtroTiempo').should('be.visible');\ncy.get('#aniosDisponibles').should('be.visible');\ncy.get('#instrumentos').should('be.visible');\n//Cantidad de servicios\ncy.get('#graficasPrincipales').should('be.visible').select('Cantidad de servicios');\ncy.get('#filtroTiempo').should('be.visible');\ncy.get('#aniosDisponibles').should('be.visible');\ncy.get('#instrumentos').should('be.visible');",
              "err": {},
              "uuid": "29ba47ff-4a18-4ed2-aec8-28871e2c882a",
              "parentUUID": "1dfcc9a6-d582-4caf-869e-d462dd39a563",
              "isHook": false,
              "skipped": false
            }
          ],
          "suites": [],
          "passes": [
            "29ba47ff-4a18-4ed2-aec8-28871e2c882a"
          ],
          "failures": [],
          "pending": [],
          "skipped": [],
          "duration": 8869,
          "root": false,
          "rootEmpty": false,
          "_timeout": 2000
        }
      ],
      "passes": [],
      "failures": [],
      "pending": [],
      "skipped": [],
      "duration": 0,
      "root": true,
      "rootEmpty": true,
      "_timeout": 2000
    }
  ],
  "meta": {
    "mocha": {
      "version": "7.0.1"
    },
    "mochawesome": {
      "options": {
        "quiet": false,
        "reportFilename": "Re_Sostenido",
        "saveHtml": true,
        "saveJson": true,
        "consoleReporter": "spec",
        "useInlineDiffs": false,
        "code": true
      },
      "version": "7.1.3"
    },
    "marge": {
      "options": {
        "charts": true,
        "html": true,
        "reportsDir": "cypress/reports/ReSostenido",
        "reportFilename": "Re_Sostenido",
        "overwrite": false,
        "reporterEnabled": "mochawesome",
        "mochawesomeReporterOptions": {
          "reportDir": "cypress/reports/mocha",
          "quiet": true,
          "overwrite": false,
          "html": true,
          "json": true
        }
      },
      "version": "6.2.0"
    }
  }
}