{
  "stats": {
    "suites": 1,
    "tests": 1,
    "passes": 1,
    "pending": 0,
    "failures": 0,
    "start": "2023-11-27T16:53:33.290Z",
    "end": "2023-11-27T16:53:40.580Z",
    "duration": 7290,
    "testsRegistered": 1,
    "passPercent": 100,
    "pendingPercent": 0,
    "other": 0,
    "hasOther": false,
    "skipped": 0,
    "hasSkipped": false
  },
  "results": [
    {
      "uuid": "75ed3da9-98d4-466e-aa01-341e2bc80e39",
      "title": "",
      "fullFile": "cypress\\e2e\\Producción\\CU-Consultar_info_citas_cliente.cy.js",
      "file": "cypress\\e2e\\Producción\\CU-Consultar_info_citas_cliente.cy.js",
      "beforeHooks": [],
      "afterHooks": [],
      "tests": [],
      "suites": [
        {
          "uuid": "7e449912-9896-438a-a7ef-332791b65606",
          "title": "Consultar_info_citas-cliente",
          "fullFile": "",
          "file": "",
          "beforeHooks": [],
          "afterHooks": [],
          "tests": [
            {
              "title": "Encontrar el boton de menu",
              "fullTitle": "Consultar_info_citas-cliente Encontrar el boton de menu",
              "timedOut": null,
              "duration": 5409,
              "state": "passed",
              "speed": "medium",
              "pass": true,
              "fail": false,
              "pending": false,
              "context": null,
              "code": "// Click en iniciar sesión\ncy.get('#loginNavItem > .nav-link').should('be.visible').click();\n// Cargar datos de inicio de sesión desde el archivo de fixture 'registro.json'\ncy.fixture('datos_admin.json').then(datos => {\n  cy.get('#email').should('be.visible').type(datos.email, {\n    force: true\n  });\n  cy.get('#contrasenia').should('be.visible').type(datos.contrasena, {\n    force: true\n  });\n});\n//Iniciar sesión\ncy.get('#login').should('be.visible').click();\n// Ir al apartado de citas\ncy.get('#citasNavItem > .nav-link').should('be.visible').click();\n// ver detalles de la cita\ncy.get('#btnverCita').click({\n  force: true\n});",
              "err": {},
              "uuid": "36874358-fc8c-46bd-96f9-1241decf34a9",
              "parentUUID": "7e449912-9896-438a-a7ef-332791b65606",
              "isHook": false,
              "skipped": false
            }
          ],
          "suites": [],
          "passes": [
            "36874358-fc8c-46bd-96f9-1241decf34a9"
          ],
          "failures": [],
          "pending": [],
          "skipped": [],
          "duration": 5409,
          "root": false,
          "rootEmpty": false,
          "_timeout": 2000
        }
      ],
      "passes": [],
      "failures": [],
      "pending": [],
      "skipped": [],
      "duration": 0,
      "root": true,
      "rootEmpty": true,
      "_timeout": 2000
    }
  ],
  "meta": {
    "mocha": {
      "version": "7.0.1"
    },
    "mochawesome": {
      "options": {
        "quiet": false,
        "reportFilename": "Re_Sostenido",
        "saveHtml": true,
        "saveJson": true,
        "consoleReporter": "spec",
        "useInlineDiffs": false,
        "code": true
      },
      "version": "7.1.3"
    },
    "marge": {
      "options": {
        "charts": true,
        "html": true,
        "reportsDir": "cypress/reports/ReSostenido",
        "reportFilename": "Re_Sostenido",
        "overwrite": false,
        "reporterEnabled": "mochawesome",
        "mochawesomeReporterOptions": {
          "reportDir": "cypress/reports/mocha",
          "quiet": true,
          "overwrite": false,
          "html": true,
          "json": true
        }
      },
      "version": "6.2.0"
    }
  }
}