{
  "stats": {
    "suites": 1,
    "tests": 1,
    "passes": 1,
    "pending": 0,
    "failures": 0,
    "start": "2023-11-27T16:53:42.847Z",
    "end": "2023-11-27T16:53:50.666Z",
    "duration": 7819,
    "testsRegistered": 1,
    "passPercent": 100,
    "pendingPercent": 0,
    "other": 0,
    "hasOther": false,
    "skipped": 0,
    "hasSkipped": false
  },
  "results": [
    {
      "uuid": "88a00066-6b42-46b1-b066-f5b7633a1cea",
      "title": "",
      "fullFile": "cypress\\e2e\\Producción\\CU-Editar_datos_admin.cy.js",
      "file": "cypress\\e2e\\Producción\\CU-Editar_datos_admin.cy.js",
      "beforeHooks": [],
      "afterHooks": [],
      "tests": [],
      "suites": [
        {
          "uuid": "01a45506-0640-4e2c-ab16-3b04f73253fa",
          "title": "Editar datos-admin",
          "fullFile": "",
          "file": "",
          "beforeHooks": [],
          "afterHooks": [],
          "tests": [
            {
              "title": "Encontrar el boton de menu",
              "fullTitle": "Editar datos-admin Encontrar el boton de menu",
              "timedOut": null,
              "duration": 5774,
              "state": "passed",
              "speed": "medium",
              "pass": true,
              "fail": false,
              "pending": false,
              "context": null,
              "code": "// Click en iniciar sesión\ncy.get('#loginNavItem > .nav-link').should('be.visible').click();\n// Cargar datos de inicio de sesión desde el archivo de fixture 'registro.json'\ncy.fixture('datos_admin.json').then(data => {\n  cy.get('#email').should('be.visible').type(data.email, {\n    force: true\n  });\n  cy.get('#contrasenia').should('be.visible').type(data.contrasena, {\n    force: true\n  });\n});\ncy.get('#login').should('be.visible').click();\n//Click en administración de citas\ncy.get(':nth-child(2) > .single-feature > .content > .btn').should('be.visible').click();\n//Click en una cita\ncy.get(':nth-child(3) > .table-responsive > .col-lg-8 > #tabla_servicios > tbody > :nth-child(1) > #CPboton > a > #btnverCita').click();\n//Ingresar datos\ncy.get('#marca').should('be.visible');\ncy.get('#modelo').should('be.visible');\ncy.get('#numero_serie').should('be.visible');\ncy.get('#notas_admin').should('be.visible');\n//Boton de actualizar datos\ncy.get('.col-sm-8 > [style=\"justify-content: center;\"] > .me-2 > .btn').should('be.visible');",
              "err": {},
              "uuid": "f2917349-1acc-46ec-87a6-1f0c06847f6e",
              "parentUUID": "01a45506-0640-4e2c-ab16-3b04f73253fa",
              "isHook": false,
              "skipped": false
            }
          ],
          "suites": [],
          "passes": [
            "f2917349-1acc-46ec-87a6-1f0c06847f6e"
          ],
          "failures": [],
          "pending": [],
          "skipped": [],
          "duration": 5774,
          "root": false,
          "rootEmpty": false,
          "_timeout": 2000
        }
      ],
      "passes": [],
      "failures": [],
      "pending": [],
      "skipped": [],
      "duration": 0,
      "root": true,
      "rootEmpty": true,
      "_timeout": 2000
    }
  ],
  "meta": {
    "mocha": {
      "version": "7.0.1"
    },
    "mochawesome": {
      "options": {
        "quiet": false,
        "reportFilename": "Re_Sostenido",
        "saveHtml": true,
        "saveJson": true,
        "consoleReporter": "spec",
        "useInlineDiffs": false,
        "code": true
      },
      "version": "7.1.3"
    },
    "marge": {
      "options": {
        "charts": true,
        "html": true,
        "reportsDir": "cypress/reports/ReSostenido",
        "reportFilename": "Re_Sostenido",
        "overwrite": false,
        "reporterEnabled": "mochawesome",
        "mochawesomeReporterOptions": {
          "reportDir": "cypress/reports/mocha",
          "quiet": true,
          "overwrite": false,
          "html": true,
          "json": true
        }
      },
      "version": "6.2.0"
    }
  }
}