{
  "stats": {
    "suites": 1,
    "tests": 1,
    "passes": 1,
    "pending": 0,
    "failures": 0,
    "start": "2023-11-27T16:54:45.352Z",
    "end": "2023-11-27T16:54:54.914Z",
    "duration": 9562,
    "testsRegistered": 1,
    "passPercent": 100,
    "pendingPercent": 0,
    "other": 0,
    "hasOther": false,
    "skipped": 0,
    "hasSkipped": false
  },
  "results": [
    {
      "uuid": "2c7b51ee-0e6d-4ac3-9f76-a5b6668ddf46",
      "title": "",
      "fullFile": "cypress\\e2e\\Producción\\CU-Ingresar_datos_admin.cy.js",
      "file": "cypress\\e2e\\Producción\\CU-Ingresar_datos_admin.cy.js",
      "beforeHooks": [],
      "afterHooks": [],
      "tests": [],
      "suites": [
        {
          "uuid": "e4e75749-eece-4f14-8150-e2510ad71d81",
          "title": "Ingresar datos-admin",
          "fullFile": "",
          "file": "",
          "beforeHooks": [],
          "afterHooks": [],
          "tests": [
            {
              "title": "Encontrar el boton de menu",
              "fullTitle": "Ingresar datos-admin Encontrar el boton de menu",
              "timedOut": null,
              "duration": 7539,
              "state": "passed",
              "speed": "medium",
              "pass": true,
              "fail": false,
              "pending": false,
              "context": null,
              "code": "// Click en iniciar sesión\ncy.get('#loginNavItem > .nav-link').should('be.visible').click();\n// Cargar datos de inicio de sesión desde el archivo de fixture 'registro.json'\ncy.fixture('datos_admin.json').then(data => {\n  cy.get('#email').should('be.visible').type(data.email, {\n    force: true\n  });\n  cy.get('#contrasenia').should('be.visible').type(data.contrasena, {\n    force: true\n  });\n});\ncy.get('#login').should('be.visible').click();\n//Click en administración de citas\ncy.get(':nth-child(2) > .single-feature > .content > .btn').should('be.visible').click();\n//Click en una cita\ncy.get(':nth-child(2) > .table-responsive > .col-lg-8 > #tabla_servicios > tbody > :nth-child(1) > #CPboton > a > #btnverCita').click();\n//Cambiar estado de la cita\ncy.get('#seleccionador-estado').should('be.visible').select('En progreso');\n//Ingresar datos\ncy.get('#marca').should('be.visible').type('marca');\ncy.get('#modelo').should('be.visible').type('modelo');\ncy.get('#numero_serie').should('be.visible').type('123456789');\ncy.get('#notas_admin').should('be.visible').type('pruebas notas');\n//Boton de actualizar datos\ncy.get('.col-sm-8 > [style=\"justify-content: center;\"] > .me-2 > .btn').should('be.visible');",
              "err": {},
              "uuid": "83115b0e-cef4-48de-8eb8-6dd8121875a3",
              "parentUUID": "e4e75749-eece-4f14-8150-e2510ad71d81",
              "isHook": false,
              "skipped": false
            }
          ],
          "suites": [],
          "passes": [
            "83115b0e-cef4-48de-8eb8-6dd8121875a3"
          ],
          "failures": [],
          "pending": [],
          "skipped": [],
          "duration": 7539,
          "root": false,
          "rootEmpty": false,
          "_timeout": 2000
        }
      ],
      "passes": [],
      "failures": [],
      "pending": [],
      "skipped": [],
      "duration": 0,
      "root": true,
      "rootEmpty": true,
      "_timeout": 2000
    }
  ],
  "meta": {
    "mocha": {
      "version": "7.0.1"
    },
    "mochawesome": {
      "options": {
        "quiet": false,
        "reportFilename": "Re_Sostenido",
        "saveHtml": true,
        "saveJson": true,
        "consoleReporter": "spec",
        "useInlineDiffs": false,
        "code": true
      },
      "version": "7.1.3"
    },
    "marge": {
      "options": {
        "charts": true,
        "html": true,
        "reportsDir": "cypress/reports/ReSostenido",
        "reportFilename": "Re_Sostenido",
        "overwrite": false,
        "reporterEnabled": "mochawesome",
        "mochawesomeReporterOptions": {
          "reportDir": "cypress/reports/mocha",
          "quiet": true,
          "overwrite": false,
          "html": true,
          "json": true
        }
      },
      "version": "6.2.0"
    }
  }
}