{
  "stats": {
    "suites": 1,
    "tests": 1,
    "passes": 1,
    "pending": 0,
    "failures": 0,
    "start": "2023-11-27T16:52:29.329Z",
    "end": "2023-11-27T16:52:38.397Z",
    "duration": 9068,
    "testsRegistered": 1,
    "passPercent": 100,
    "pendingPercent": 0,
    "other": 0,
    "hasOther": false,
    "skipped": 0,
    "hasSkipped": false
  },
  "results": [
    {
      "uuid": "16af7d10-471f-4676-8f47-caf8e299e319",
      "title": "",
      "fullFile": "cypress\\e2e\\Producción\\CU-Cancelar_cita_admin.cy.js",
      "file": "cypress\\e2e\\Producción\\CU-Cancelar_cita_admin.cy.js",
      "beforeHooks": [],
      "afterHooks": [],
      "tests": [],
      "suites": [
        {
          "uuid": "bd5bba43-3232-467e-bb84-1d2f6e9fb46b",
          "title": "Cancelar cita Admin",
          "fullFile": "",
          "file": "",
          "beforeHooks": [],
          "afterHooks": [],
          "tests": [
            {
              "title": "Encontrar el boton de menu",
              "fullTitle": "Cancelar cita Admin Encontrar el boton de menu",
              "timedOut": null,
              "duration": 6880,
              "state": "passed",
              "speed": "medium",
              "pass": true,
              "fail": false,
              "pending": false,
              "context": null,
              "code": "// Click en iniciar sesión\ncy.get('#loginNavItem > .nav-link').should('be.visible').click();\n// Cargar datos de inicio de sesión desde el archivo de fixture 'registro.json'\ncy.fixture('datos_admin.json').then(data => {\n  cy.get('#email').should('be.visible').type(data.email, {\n    force: true\n  });\n  cy.get('#contrasenia').should('be.visible').type(data.contrasena, {\n    force: true\n  });\n});\ncy.get('#login').should('be.visible').click();\n//Click en administración de citas\ncy.get(':nth-child(2) > .single-feature > .content > .btn').should('be.visible').click();\n//Click en una cita\ncy.get(':nth-child(2) > .table-responsive > .col-lg-8 > #tabla_servicios > tbody > :nth-child(1) > #CPboton > a > #btnverCita').click();\n//Click en eliminar cita\ncy.get('#cancelar-cita-form > .d-flex > .me-2 > .btn');",
              "err": {},
              "uuid": "8e709ae4-489d-47d5-85ec-b0b013d53fb6",
              "parentUUID": "bd5bba43-3232-467e-bb84-1d2f6e9fb46b",
              "isHook": false,
              "skipped": false
            }
          ],
          "suites": [],
          "passes": [
            "8e709ae4-489d-47d5-85ec-b0b013d53fb6"
          ],
          "failures": [],
          "pending": [],
          "skipped": [],
          "duration": 6880,
          "root": false,
          "rootEmpty": false,
          "_timeout": 2000
        }
      ],
      "passes": [],
      "failures": [],
      "pending": [],
      "skipped": [],
      "duration": 0,
      "root": true,
      "rootEmpty": true,
      "_timeout": 2000
    }
  ],
  "meta": {
    "mocha": {
      "version": "7.0.1"
    },
    "mochawesome": {
      "options": {
        "quiet": false,
        "reportFilename": "Re_Sostenido",
        "saveHtml": true,
        "saveJson": true,
        "consoleReporter": "spec",
        "useInlineDiffs": false,
        "code": true
      },
      "version": "7.1.3"
    },
    "marge": {
      "options": {
        "charts": true,
        "html": true,
        "reportsDir": "cypress/reports/ReSostenido",
        "reportFilename": "Re_Sostenido",
        "overwrite": false,
        "reporterEnabled": "mochawesome",
        "mochawesomeReporterOptions": {
          "reportDir": "cypress/reports/mocha",
          "quiet": true,
          "overwrite": false,
          "html": true,
          "json": true
        }
      },
      "version": "6.2.0"
    }
  }
}