{
  "stats": {
    "suites": 1,
    "tests": 1,
    "passes": 1,
    "pending": 0,
    "failures": 0,
    "start": "2023-11-27T01:23:50.133Z",
    "end": "2023-11-27T01:23:56.119Z",
    "duration": 5986,
    "testsRegistered": 1,
    "passPercent": 100,
    "pendingPercent": 0,
    "other": 0,
    "hasOther": false,
    "skipped": 0,
    "hasSkipped": false
  },
  "results": [
    {
      "uuid": "507d1a17-7479-42bd-abb4-e2c2ee8bc1b8",
      "title": "",
      "fullFile": "cypress\\e2e\\Producción\\CU-Inicio_Sesion.cy.js",
      "file": "cypress\\e2e\\Producción\\CU-Inicio_Sesion.cy.js",
      "beforeHooks": [],
      "afterHooks": [],
      "tests": [],
      "suites": [
        {
          "uuid": "f6ea39d8-9e79-4bd7-9262-48e6f7d1ea76",
          "title": "Pagina de inicio de sesion",
          "fullFile": "",
          "file": "",
          "beforeHooks": [],
          "afterHooks": [],
          "tests": [
            {
              "title": "Encontrar el boton de menu",
              "fullTitle": "Pagina de inicio de sesion Encontrar el boton de menu",
              "timedOut": null,
              "duration": 3692,
              "state": "passed",
              "speed": "fast",
              "pass": true,
              "fail": false,
              "pending": false,
              "context": null,
              "code": "// Click en iniciar sesión\ncy.get('#loginNavItem > .nav-link').should('be.visible').click();\n// Cargar datos de inicio de sesión desde el archivo de fixture 'registro.json'\ncy.fixture('datos_cliente.json').then(data => {\n  cy.get('#email').should('be.visible').type(data.email, {\n    force: true\n  });\n  cy.get('#contrasenia').should('be.visible').type(data.contrasena, {\n    force: true\n  });\n});\ncy.get('#login').should('be.visible').click();\n//Ver mensaje de bienvenida\ncy.get('.header-title').should('be.visible');\n//Sección de citas para el cliente\ncy.get(':nth-child(1) > .single-feature').should('be.visible');\n//Sección de servicios disponibles\ncy.get(':nth-child(2) > .single-feature').should('be.visible');\n//Sección de foro\ncy.get(':nth-child(3) > .single-feature').should('be.visible');",
              "err": {},
              "uuid": "c1cf70e9-4180-48e6-bd0c-50574c95ecf7",
              "parentUUID": "f6ea39d8-9e79-4bd7-9262-48e6f7d1ea76",
              "isHook": false,
              "skipped": false
            }
          ],
          "suites": [],
          "passes": [
            "c1cf70e9-4180-48e6-bd0c-50574c95ecf7"
          ],
          "failures": [],
          "pending": [],
          "skipped": [],
          "duration": 3692,
          "root": false,
          "rootEmpty": false,
          "_timeout": 2000
        }
      ],
      "passes": [],
      "failures": [],
      "pending": [],
      "skipped": [],
      "duration": 0,
      "root": true,
      "rootEmpty": true,
      "_timeout": 2000
    }
  ],
  "meta": {
    "mocha": {
      "version": "7.0.1"
    },
    "mochawesome": {
      "options": {
        "quiet": false,
        "reportFilename": "Re_Sostenido",
        "saveHtml": true,
        "saveJson": true,
        "consoleReporter": "spec",
        "useInlineDiffs": false,
        "code": true
      },
      "version": "7.1.3"
    },
    "marge": {
      "options": {
        "charts": true,
        "html": true,
        "reportsDir": "cypress/reports/mochawesome",
        "reportFilename": "Re_Sostenido",
        "overwrite": false,
        "reporterEnabled": "mochawesome",
        "mochawesomeReporterOptions": {
          "reportDir": "cypress/reports/mocha",
          "quiet": true,
          "overwrite": false,
          "html": true,
          "json": true
        }
      },
      "version": "6.2.0"
    }
  }
}