{
  "stats": {
    "suites": 1,
    "tests": 1,
    "passes": 1,
    "pending": 0,
    "failures": 0,
    "start": "2023-11-27T16:54:35.241Z",
    "end": "2023-11-27T16:54:43.161Z",
    "duration": 7920,
    "testsRegistered": 1,
    "passPercent": 100,
    "pendingPercent": 0,
    "other": 0,
    "hasOther": false,
    "skipped": 0,
    "hasSkipped": false
  },
  "results": [
    {
      "uuid": "79690ece-7b26-4bc0-991f-fdf153a1b0f5",
      "title": "",
      "fullFile": "cypress\\e2e\\Producción\\CU-Gestionar_preguntas_cliente.cy.js",
      "file": "cypress\\e2e\\Producción\\CU-Gestionar_preguntas_cliente.cy.js",
      "beforeHooks": [],
      "afterHooks": [],
      "tests": [],
      "suites": [
        {
          "uuid": "153f6379-8021-467b-b87e-cc59210292c7",
          "title": "Gestionar preguntas- cliente",
          "fullFile": "",
          "file": "",
          "beforeHooks": [],
          "afterHooks": [],
          "tests": [
            {
              "title": "Encontrar el botón de Iniciar sesión",
              "fullTitle": "Gestionar preguntas- cliente Encontrar el botón de Iniciar sesión",
              "timedOut": null,
              "duration": 5901,
              "state": "passed",
              "speed": "medium",
              "pass": true,
              "fail": false,
              "pending": false,
              "context": null,
              "code": "// Click en el menu de navegación (movil)\n//cy.get('.navbar-toggler-icon').should('be.visible').click()\n// Click en iniciar sesión\ncy.get('#loginNavItem > .nav-link').should('be.visible').click();\n// Cargar datos de inicio de sesión desde el archivo de fixture 'registro.json'\ncy.fixture('datos_cliente.json').then(datos => {\n  cy.get('#email').should('be.visible').type(datos.email, {\n    force: true\n  });\n  cy.get('#contrasenia').should('be.visible').type(datos.contrasena, {\n    force: true\n  });\n});\n//Iniciar sesión\ncy.get('#login').should('be.visible').click();\n//Click en menu de navegación (movil)\n//cy.get('.navbar-toggler-icon').should('be.visible').click()\n// Click en Foro (movil)\n//cy.get('#foro').click()\n// Click en Foro\ncy.get('#foroNavItem > .nav-link').should('be.visible').click();\n// Verificar que estemos en el sitio de Foro\ncy.get('#titulo').should('contain.text', '¿En qué podemos ayudarte?');\n// 23. Hacer pregunta\ncy.get('textarea:first').type(\"Pregunta 1...\", {\n  force: true\n});\ncy.get('#question-button').click({\n  force: true\n});\n// Mensaje de verificación\ncy.get('#mensaje-confirmacion').should('contain.text', 'La pregunta ha sido enviada y sera respondida en breve');",
              "err": {},
              "uuid": "66b3afca-480e-4188-bb64-02a13f599d2c",
              "parentUUID": "153f6379-8021-467b-b87e-cc59210292c7",
              "isHook": false,
              "skipped": false
            }
          ],
          "suites": [],
          "passes": [
            "66b3afca-480e-4188-bb64-02a13f599d2c"
          ],
          "failures": [],
          "pending": [],
          "skipped": [],
          "duration": 5901,
          "root": false,
          "rootEmpty": false,
          "_timeout": 2000
        }
      ],
      "passes": [],
      "failures": [],
      "pending": [],
      "skipped": [],
      "duration": 0,
      "root": true,
      "rootEmpty": true,
      "_timeout": 2000
    }
  ],
  "meta": {
    "mocha": {
      "version": "7.0.1"
    },
    "mochawesome": {
      "options": {
        "quiet": false,
        "reportFilename": "Re_Sostenido",
        "saveHtml": true,
        "saveJson": true,
        "consoleReporter": "spec",
        "useInlineDiffs": false,
        "code": true
      },
      "version": "7.1.3"
    },
    "marge": {
      "options": {
        "charts": true,
        "html": true,
        "reportsDir": "cypress/reports/ReSostenido",
        "reportFilename": "Re_Sostenido",
        "overwrite": false,
        "reporterEnabled": "mochawesome",
        "mochawesomeReporterOptions": {
          "reportDir": "cypress/reports/mocha",
          "quiet": true,
          "overwrite": false,
          "html": true,
          "json": true
        }
      },
      "version": "6.2.0"
    }
  }
}