{
  "stats": {
    "suites": 1,
    "tests": 1,
    "passes": 1,
    "pending": 0,
    "failures": 0,
    "start": "2023-11-27T01:23:01.358Z",
    "end": "2023-11-27T01:23:16.034Z",
    "duration": 14676,
    "testsRegistered": 1,
    "passPercent": 100,
    "pendingPercent": 0,
    "other": 0,
    "hasOther": false,
    "skipped": 0,
    "hasSkipped": false
  },
  "results": [
    {
      "uuid": "a3250b0f-3032-44c6-afd0-946d122485a7",
      "title": "",
      "fullFile": "cypress\\e2e\\Producción\\CU-Eliminar_Servicio.cy.js",
      "file": "cypress\\e2e\\Producción\\CU-Eliminar_Servicio.cy.js",
      "beforeHooks": [],
      "afterHooks": [],
      "tests": [],
      "suites": [
        {
          "uuid": "3afec25d-8f1e-4ba6-9d5c-435096f43f39",
          "title": "Eliminar Servicio",
          "fullFile": "",
          "file": "",
          "beforeHooks": [],
          "afterHooks": [],
          "tests": [
            {
              "title": "Menú de navegación y click en servicios",
              "fullTitle": "Eliminar Servicio Menú de navegación y click en servicios",
              "timedOut": null,
              "duration": 12536,
              "state": "passed",
              "speed": "slow",
              "pass": true,
              "fail": false,
              "pending": false,
              "context": null,
              "code": "// Sección de servicios\ncy.get('#AdministrarServiciosNavItem > .nav-link').should('be.visible').click();\n// Encontrar y hacer clic en el botón deseado\ncy.contains('Floyd Rose').parent().find('button[type=\"submit\"]').should('be.visible').click({\n  force: true\n});\n//Espera\ncy.wait(2000);\n//Verificar el servicio inahibilitado\n//cy.contains('Servicios inactivos').next().contains('Floyd Rose').should('be.visible');\n//Espera\ncy.wait(5000);\n//Habilitar de nuevo el servicio\ncy.contains('Floyd Rose').parent().find('button[type=\"submit\"]').click({\n  force: true\n});",
              "err": {},
              "uuid": "e2960ae0-b426-4b26-ace9-2ffee154f0be",
              "parentUUID": "3afec25d-8f1e-4ba6-9d5c-435096f43f39",
              "isHook": false,
              "skipped": false
            }
          ],
          "suites": [],
          "passes": [
            "e2960ae0-b426-4b26-ace9-2ffee154f0be"
          ],
          "failures": [],
          "pending": [],
          "skipped": [],
          "duration": 12536,
          "root": false,
          "rootEmpty": false,
          "_timeout": 2000
        }
      ],
      "passes": [],
      "failures": [],
      "pending": [],
      "skipped": [],
      "duration": 0,
      "root": true,
      "rootEmpty": true,
      "_timeout": 2000
    }
  ],
  "meta": {
    "mocha": {
      "version": "7.0.1"
    },
    "mochawesome": {
      "options": {
        "quiet": false,
        "reportFilename": "Re_Sostenido",
        "saveHtml": true,
        "saveJson": true,
        "consoleReporter": "spec",
        "useInlineDiffs": false,
        "code": true
      },
      "version": "7.1.3"
    },
    "marge": {
      "options": {
        "charts": true,
        "html": true,
        "reportsDir": "cypress/reports/mochawesome",
        "reportFilename": "Re_Sostenido",
        "overwrite": false,
        "reporterEnabled": "mochawesome",
        "mochawesomeReporterOptions": {
          "reportDir": "cypress/reports/mocha",
          "quiet": true,
          "overwrite": false,
          "html": true,
          "json": true
        }
      },
      "version": "6.2.0"
    }
  }
}