{
  "stats": {
    "suites": 1,
    "tests": 1,
    "passes": 1,
    "pending": 0,
    "failures": 0,
    "start": "2023-11-27T16:53:52.858Z",
    "end": "2023-11-27T16:54:01.934Z",
    "duration": 9076,
    "testsRegistered": 1,
    "passPercent": 100,
    "pendingPercent": 0,
    "other": 0,
    "hasOther": false,
    "skipped": 0,
    "hasSkipped": false
  },
  "results": [
    {
      "uuid": "cf818e4b-74f1-4ed2-96ac-3aabc8a27b79",
      "title": "",
      "fullFile": "cypress\\e2e\\Producción\\CU-Editar_Servicio.cy.js",
      "file": "cypress\\e2e\\Producción\\CU-Editar_Servicio.cy.js",
      "beforeHooks": [],
      "afterHooks": [],
      "tests": [],
      "suites": [
        {
          "uuid": "a620d3a4-c44c-4259-9519-3750604fe029",
          "title": "Editar servicio",
          "fullFile": "",
          "file": "",
          "beforeHooks": [],
          "afterHooks": [],
          "tests": [
            {
              "title": "Editar Servicio",
              "fullTitle": "Editar servicio Editar Servicio",
              "timedOut": null,
              "duration": 7151,
              "state": "passed",
              "speed": "medium",
              "pass": true,
              "fail": false,
              "pending": false,
              "context": null,
              "code": "cy.wait(2000);\n// Botón de administración de servicios\ncy.get('#AdministrarServiciosNavItem > .nav-link').should('be.visible').click({\n  force: true\n});\n// Click en boton Agregar\n//cy.get(':nth-child(3) > .card > .btn').should('be.visible').click({ force: true })\n// Cargar la imagen desde el archivo 'foto.jpg' en la carpeta 'fixtures'\ncy.fixture('foto.jpg').then(fileContent => {\n  cy.get('#inputImage').then($inputImage => {\n    // Crear un archivo que simula la carga de la imagen\n    const blob = Cypress.Blob.base64StringToBlob(fileContent, 'image/jpeg');\n    const testFile = new File([blob], 'foto.jpg', {\n      type: 'image/jpeg'\n    });\n    // Adjuntar el archivo al elemento 'inputImage'\n    const dataTransfer = new DataTransfer();\n    dataTransfer.items.add(testFile);\n    $inputImage[0].files = dataTransfer.files;\n    // Disparar el evento 'change' para simular la carga de la imagen\n    cy.wrap($inputImage).trigger('change', {\n      force: true\n    });\n  });\n});\n//Editar de \"bajo 4 cuerdas\" con un costo de \"$350\" a \"bajo 4 cuerdas acustico\" con un costo de \"$370\"\ncy.get('#btnEditar_6').click({\n  force: true\n});\ncy.get('#upd_nombre_instrumento').clear({\n  force: true\n}).type(\"Bajo 4 cuerdas acustico\", {\n  force: true\n});\ncy.get('#upd_precio.form-control').invoke('attr', 'value', '370.00').should('have.attr', 'value', '370.00');\ncy.get('#upd_precio').type(\"370\", {\n  force: true\n}).trigger('change', {\n  force: true\n});\ncy.get('#contenido_servicio_6 > :nth-child(7) > #guardar').should('be.visible').click({\n  force: true\n});",
              "err": {},
              "uuid": "974cc5d1-c24b-4e7f-ac29-c289ef969a5a",
              "parentUUID": "a620d3a4-c44c-4259-9519-3750604fe029",
              "isHook": false,
              "skipped": false
            }
          ],
          "suites": [],
          "passes": [
            "974cc5d1-c24b-4e7f-ac29-c289ef969a5a"
          ],
          "failures": [],
          "pending": [],
          "skipped": [],
          "duration": 7151,
          "root": false,
          "rootEmpty": false,
          "_timeout": 2000
        }
      ],
      "passes": [],
      "failures": [],
      "pending": [],
      "skipped": [],
      "duration": 0,
      "root": true,
      "rootEmpty": true,
      "_timeout": 2000
    }
  ],
  "meta": {
    "mocha": {
      "version": "7.0.1"
    },
    "mochawesome": {
      "options": {
        "quiet": false,
        "reportFilename": "Re_Sostenido",
        "saveHtml": true,
        "saveJson": true,
        "consoleReporter": "spec",
        "useInlineDiffs": false,
        "code": true
      },
      "version": "7.1.3"
    },
    "marge": {
      "options": {
        "charts": true,
        "html": true,
        "reportsDir": "cypress/reports/ReSostenido",
        "reportFilename": "Re_Sostenido",
        "overwrite": false,
        "reporterEnabled": "mochawesome",
        "mochawesomeReporterOptions": {
          "reportDir": "cypress/reports/mocha",
          "quiet": true,
          "overwrite": false,
          "html": true,
          "json": true
        }
      },
      "version": "6.2.0"
    }
  }
}