{
  "stats": {
    "suites": 1,
    "tests": 1,
    "passes": 1,
    "pending": 0,
    "failures": 0,
    "start": "2023-11-27T16:54:04.291Z",
    "end": "2023-11-27T16:54:20.236Z",
    "duration": 15945,
    "testsRegistered": 1,
    "passPercent": 100,
    "pendingPercent": 0,
    "other": 0,
    "hasOther": false,
    "skipped": 0,
    "hasSkipped": false
  },
  "results": [
    {
      "uuid": "8231ced1-96e5-49d8-b85f-95f445eeaded",
      "title": "",
      "fullFile": "cypress\\e2e\\Producción\\CU-Eliminar_Servicio.cy.js",
      "file": "cypress\\e2e\\Producción\\CU-Eliminar_Servicio.cy.js",
      "beforeHooks": [],
      "afterHooks": [],
      "tests": [],
      "suites": [
        {
          "uuid": "80c815d3-e443-4d0a-9917-3b57ae149d0f",
          "title": "Eliminar Servicio",
          "fullFile": "",
          "file": "",
          "beforeHooks": [],
          "afterHooks": [],
          "tests": [
            {
              "title": "Menú de navegación y click en servicios",
              "fullTitle": "Eliminar Servicio Menú de navegación y click en servicios",
              "timedOut": null,
              "duration": 13883,
              "state": "passed",
              "speed": "slow",
              "pass": true,
              "fail": false,
              "pending": false,
              "context": null,
              "code": "// Sección de servicios\ncy.get('#AdministrarServiciosNavItem > .nav-link').should('be.visible').click();\n// Encontrar y hacer clic en el botón deseado\ncy.contains('Floyd Rose').parent().find('button[type=\"submit\"]').should('be.visible').click({\n  force: true\n});\n//Espera\ncy.wait(2000);\n//Verificar el servicio inahibilitado\n//cy.contains('Servicios inactivos').next().contains('Floyd Rose').should('be.visible');\n//Espera\ncy.wait(5000);\n//Habilitar de nuevo el servicio\ncy.contains('Floyd Rose').parent().find('button[type=\"submit\"]').click({\n  force: true\n});",
              "err": {},
              "uuid": "5698a56f-c1a4-4a6d-80f6-8bdac9c839d7",
              "parentUUID": "80c815d3-e443-4d0a-9917-3b57ae149d0f",
              "isHook": false,
              "skipped": false
            }
          ],
          "suites": [],
          "passes": [
            "5698a56f-c1a4-4a6d-80f6-8bdac9c839d7"
          ],
          "failures": [],
          "pending": [],
          "skipped": [],
          "duration": 13883,
          "root": false,
          "rootEmpty": false,
          "_timeout": 2000
        }
      ],
      "passes": [],
      "failures": [],
      "pending": [],
      "skipped": [],
      "duration": 0,
      "root": true,
      "rootEmpty": true,
      "_timeout": 2000
    }
  ],
  "meta": {
    "mocha": {
      "version": "7.0.1"
    },
    "mochawesome": {
      "options": {
        "quiet": false,
        "reportFilename": "Re_Sostenido",
        "saveHtml": true,
        "saveJson": true,
        "consoleReporter": "spec",
        "useInlineDiffs": false,
        "code": true
      },
      "version": "7.1.3"
    },
    "marge": {
      "options": {
        "charts": true,
        "html": true,
        "reportsDir": "cypress/reports/ReSostenido",
        "reportFilename": "Re_Sostenido",
        "overwrite": false,
        "reporterEnabled": "mochawesome",
        "mochawesomeReporterOptions": {
          "reportDir": "cypress/reports/mocha",
          "quiet": true,
          "overwrite": false,
          "html": true,
          "json": true
        }
      },
      "version": "6.2.0"
    }
  }
}