{
  "stats": {
    "suites": 1,
    "tests": 1,
    "passes": 1,
    "pending": 0,
    "failures": 0,
    "start": "2023-11-27T01:22:22.287Z",
    "end": "2023-11-27T01:22:28.686Z",
    "duration": 6399,
    "testsRegistered": 1,
    "passPercent": 100,
    "pendingPercent": 0,
    "other": 0,
    "hasOther": false,
    "skipped": 0,
    "hasSkipped": false
  },
  "results": [
    {
      "uuid": "c64fd922-12c0-4ddb-9817-bbda5bc19778",
      "title": "",
      "fullFile": "cypress\\e2e\\Producción\\CU-Consultar_citas_admin.cy.js",
      "file": "cypress\\e2e\\Producción\\CU-Consultar_citas_admin.cy.js",
      "beforeHooks": [],
      "afterHooks": [],
      "tests": [],
      "suites": [
        {
          "uuid": "cb7d5c3e-9449-489a-9ee3-e76eff88972c",
          "title": "Pagina de inicio de sesion",
          "fullFile": "",
          "file": "",
          "beforeHooks": [],
          "afterHooks": [],
          "tests": [
            {
              "title": "Encontrar el boton de menu",
              "fullTitle": "Pagina de inicio de sesion Encontrar el boton de menu",
              "timedOut": null,
              "duration": 4127,
              "state": "passed",
              "speed": "fast",
              "pass": true,
              "fail": false,
              "pending": false,
              "context": null,
              "code": "// Click en iniciar sesión\ncy.get('#loginNavItem > .nav-link').should('be.visible').click();\n// Cargar datos de inicio de sesión desde el archivo de fixture 'registro.json'\ncy.fixture('datos_admin.json').then(datos => {\n  cy.get('#email').should('be.visible').type(datos.email, {\n    force: true\n  });\n  cy.get('#contrasenia').should('be.visible').type(datos.contrasena, {\n    force: true\n  });\n});\n//Iniciar sesión\ncy.get('#login').should('be.visible').click();\n//Click en citas\ncy.get('#citasNavItem > .nav-link').should('be.visible').click();\n//Buscar cita para guitarra acustica:\ncy.fixture('datos_cliente.json').then(datos => {\n  //cy.get('#CPnombre').should('contain.text', datos.nombre_instrumento)\n  //cy.get('#CPdescripcion_servicio').should('contain.text', datos.descripcion)\n  //cy.get('#CPanticipo').should('contain.text', datos.anticipo)\n});",
              "err": {},
              "uuid": "c45fd0fb-f3c1-4c77-9a8e-f3a17f088d7a",
              "parentUUID": "cb7d5c3e-9449-489a-9ee3-e76eff88972c",
              "isHook": false,
              "skipped": false
            }
          ],
          "suites": [],
          "passes": [
            "c45fd0fb-f3c1-4c77-9a8e-f3a17f088d7a"
          ],
          "failures": [],
          "pending": [],
          "skipped": [],
          "duration": 4127,
          "root": false,
          "rootEmpty": false,
          "_timeout": 2000
        }
      ],
      "passes": [],
      "failures": [],
      "pending": [],
      "skipped": [],
      "duration": 0,
      "root": true,
      "rootEmpty": true,
      "_timeout": 2000
    }
  ],
  "meta": {
    "mocha": {
      "version": "7.0.1"
    },
    "mochawesome": {
      "options": {
        "quiet": false,
        "reportFilename": "Re_Sostenido",
        "saveHtml": true,
        "saveJson": true,
        "consoleReporter": "spec",
        "useInlineDiffs": false,
        "code": true
      },
      "version": "7.1.3"
    },
    "marge": {
      "options": {
        "charts": true,
        "html": true,
        "reportsDir": "cypress/reports/mochawesome",
        "reportFilename": "Re_Sostenido",
        "overwrite": false,
        "reporterEnabled": "mochawesome",
        "mochawesomeReporterOptions": {
          "reportDir": "cypress/reports/mocha",
          "quiet": true,
          "overwrite": false,
          "html": true,
          "json": true
        }
      },
      "version": "6.2.0"
    }
  }
}