{
  "stats": {
    "suites": 1,
    "tests": 1,
    "passes": 1,
    "pending": 0,
    "failures": 0,
    "start": "2023-11-27T01:23:59.284Z",
    "end": "2023-11-27T01:24:03.886Z",
    "duration": 4602,
    "testsRegistered": 1,
    "passPercent": 100,
    "pendingPercent": 0,
    "other": 0,
    "hasOther": false,
    "skipped": 0,
    "hasSkipped": false
  },
  "results": [
    {
      "uuid": "49f3dede-3886-442d-8f91-e22bfd1c95ea",
      "title": "",
      "fullFile": "cypress\\e2e\\Producción\\CU-Pagina_Informativa.cy.js",
      "file": "cypress\\e2e\\Producción\\CU-Pagina_Informativa.cy.js",
      "beforeHooks": [],
      "afterHooks": [],
      "tests": [],
      "suites": [
        {
          "uuid": "f5afb2bb-c421-4c75-ac40-acfc8af8088b",
          "title": "Pagina de servicios",
          "fullFile": "",
          "file": "",
          "beforeHooks": [],
          "afterHooks": [],
          "tests": [
            {
              "title": "Encontrar el boton de menu",
              "fullTitle": "Pagina de servicios Encontrar el boton de menu",
              "timedOut": null,
              "duration": 2127,
              "state": "passed",
              "speed": "fast",
              "pass": true,
              "fail": false,
              "pending": false,
              "context": null,
              "code": "//Click en servicios\ncy.get('#serviciosNavItem > .nav-link').should('be.visible').click();\n//Titulo sección de Servicios\ncy.get('#titulo').should('be.visible');\n//Encontrar descripción del servicio de calibración\ncy.get('#informacion').should('be.visible');\n//Sección de Servicios Disponibles\n//SECCIÓN DE GUITARRAS:\ncy.get('.container-xl > .container > :nth-child(1)').should('contain.text', 'Guitarras');\n//SECCIÓN DE BAJOS\ncy.get('.container-xl > .container > :nth-child(3)').should('contain.text', 'Bajos');\n//SECCIÓN DE REGIONAL\ncy.get('.container > :nth-child(5)').should('contain.text', 'Otros');",
              "err": {},
              "uuid": "e7e34a94-3927-4e91-b30f-e5d52292830f",
              "parentUUID": "f5afb2bb-c421-4c75-ac40-acfc8af8088b",
              "isHook": false,
              "skipped": false
            }
          ],
          "suites": [],
          "passes": [
            "e7e34a94-3927-4e91-b30f-e5d52292830f"
          ],
          "failures": [],
          "pending": [],
          "skipped": [],
          "duration": 2127,
          "root": false,
          "rootEmpty": false,
          "_timeout": 2000
        }
      ],
      "passes": [],
      "failures": [],
      "pending": [],
      "skipped": [],
      "duration": 0,
      "root": true,
      "rootEmpty": true,
      "_timeout": 2000
    }
  ],
  "meta": {
    "mocha": {
      "version": "7.0.1"
    },
    "mochawesome": {
      "options": {
        "quiet": false,
        "reportFilename": "Re_Sostenido",
        "saveHtml": true,
        "saveJson": true,
        "consoleReporter": "spec",
        "useInlineDiffs": false,
        "code": true
      },
      "version": "7.1.3"
    },
    "marge": {
      "options": {
        "charts": true,
        "html": true,
        "reportsDir": "cypress/reports/mochawesome",
        "reportFilename": "Re_Sostenido",
        "overwrite": false,
        "reporterEnabled": "mochawesome",
        "mochawesomeReporterOptions": {
          "reportDir": "cypress/reports/mocha",
          "quiet": true,
          "overwrite": false,
          "html": true,
          "json": true
        }
      },
      "version": "6.2.0"
    }
  }
}